* x0 = a b c
0000.  PUSH SUBVAR X[1]
0001.  PUSH SUBVAR Y[2]
0002.  UEQUAL
0003.  STOP


* x1 = d e f
0000.  PUSH SUBVAR X[0]
0001.  PUSH SUBVAR Y[1]
0002.  EQUAL
0003.  STOP


* x2 = g2* h2 i2
0000.  PUSH SUBVAR X[1]
0001.  PUSH SUBVAR Y[2]
0002.  UEQUAL
0003.  STOP


* x3 = g3 h3* i3
0000.  PUSH SUBVAR X[0]
0001.  PUSH SUBVAR Y[2]
0002.  UEQUAL
0003.  STOP


* x4 = g4 h4 i4*
0000.  PUSH SUBVAR X[0]
0001.  PUSH SUBVAR Y[1]
0002.  UEQUAL
0003.  STOP


* x5 = g5 h5 i6*
0000.  PUSH SUBVAR X[0]
0001.  EQUAL a
0002.  STOP


* x6 = j6 k6 l6 m6
0000.  PUSH SUBVAR X[0]
0001.  PUSH SUBVAR X[1]
0002.  UEQUAL
0003.  IFNJUMP 11
0004.  SETTOP SUBVAR X[1]
0005.  PUSH SUBVAR X[2]
0006.  UEQUAL
0007.  IFNJUMP 11
0008.  SETTOP SUBVAR X[2]
0009.  PUSH SUBVAR X[3]
0010.  UEQUAL
0011.  STOP


* x7 = j7 k7 l7 m7 n7
0000.  PUSH SUBVAR X[0]
0001.  EQUAL a
0002.  IFNJUMP 14
0003.  SETTOP SUBVAR X[1]
0004.  EQUAL a
0005.  IFNJUMP 14
0006.  SETTOP SUBVAR X[2]
0007.  EQUAL a
0008.  IFNJUMP 14
0009.  SETTOP SUBVAR X[3]
0010.  EQUAL a
0011.  IFNJUMP 14
0012.  SETTOP SUBVAR X[4]
0013.  EQUAL a
0014.  STOP


* x8 = o p* s
0000.  PUSH TRUE
0001.  STOP


* y8 = o p* r
0000.  PUSH SUBVAR X[2]
0001.  EQUAL a
0002.  IFNJUMP 5
0003.  SETTOP SUBVAR Y[2]
0004.  EQUAL b
0005.  STOP


* z8 = p* r s
0000.  PUSH SUBVAR X[2]
0001.  EQUAL a
0002.  STOP


+ <o!p!1> = o p*
0000.  PUSH TRUE
0001.  STOP


+ x8 = <o!p!1>* s
0000.  PUSH TRUE
0001.  STOP


+ y8 = <o!p!1>* r
0000.  PUSH SUBVAR X[1]
0001.  EQUAL a
0002.  IFNJUMP 5
0003.  SETTOP SUBVAR Y[1]
0004.  EQUAL b
0005.  STOP


+ <a!b!1> = a b*
0000.  PUSH TRUE
0001.  STOP


+ x0 = <a!b!1> c
0000.  PUSH SUBVAR X[0]
0001.  PUSH SUBVAR Y[1]
0002.  UEQUAL
0003.  STOP


+ <e!f!0> = e* f
0000.  PUSH TRUE
0001.  STOP


+ x1 = d <e!f!0>
0000.  PUSH SUBVAR X[0]
0001.  PUSH SUBVAR Y[1]
0002.  EQUAL
0003.  STOP


+ <g5!h5!0> = g5* h5
0000.  PUSH TRUE
0001.  STOP


+ x5 = <g5!h5!0> i6*
0000.  PUSH SUBVAR X[0]
0001.  EQUAL a
0002.  STOP


+ <p!r!0> = p* r
0000.  PUSH TRUE
0001.  STOP


+ z8 = <p!r!0>* s
0000.  PUSH SUBVAR X[1]
0001.  EQUAL a
0002.  STOP


+ <g2!h2!0> = g2* h2
0000.  PUSH TRUE
0001.  SETTOP SUBVAR X[1]
0002.  ASSIGN !T0
0003.  TRUE
0004.  STOP


+ x2 = <g2!h2!0>* i2
0000.  PUSH SUBVAR !T0[0]
0001.  PUSH SUBVAR Y[1]
0002.  UEQUAL
0003.  STOP


+ <g3!h3!1> = g3 h3*
0000.  PUSH TRUE
0001.  SETTOP SUBVAR X[0]
0002.  ASSIGN !T0
0003.  TRUE
0004.  STOP


+ x3 = <g3!h3!1>* i3
0000.  PUSH SUBVAR !T0[0]
0001.  PUSH SUBVAR Y[1]
0002.  UEQUAL
0003.  STOP


+ <g4!h4!0> = g4* h4
0000.  PUSH SUBVAR X[0]
0001.  PUSH SUBVAR Y[1]
0002.  IFNJUMP 7
0003.  TRUE
0004.  SETTOP SUBVAR Y[1]
0005.  ASSIGN !T0
0006.  TRUE
0007.  STOP


+ x4 = <g4!h4!0> i4*
0000.  PUSH SUBVAR X[0]
0001.  PUSH SUBVAR !T0[0]
0002.  UEQUAL
0003.  STOP


+ <j6!k6!0> = j6* k6
0000.  PUSH SUBVAR X[0]
0001.  PUSH SUBVAR X[1]
0002.  UEQUAL
0003.  IFNJUMP 8
0004.  TRUE
0005.  SETTOP SUBVAR X[1]
0006.  ASSIGN !T0
0007.  TRUE
0008.  STOP


+ <l6!m6!0> = l6* m6
0000.  PUSH SUBVAR X[0]
0001.  PUSH SUBVAR X[1]
0002.  IFNJUMP 7
0003.  TRUE
0004.  SETTOP SUBVAR X[1]
0005.  ASSIGN !T0
0006.  TRUE
0007.  STOP


+ x6 = <j6!k6!0> <l6!m6!0>
0000.  PUSH SUBVAR X[0]
0001.  PUSH SUBVAR !T0[0]
0002.  UEQUAL
0003.  IFNJUMP 11
0004.  SETTOP SUBVAR !T0[0]
0005.  PUSH SUBVAR X[1]
0006.  UEQUAL
0007.  IFNJUMP 11
0008.  SETTOP SUBVAR X[1]
0009.  PUSH SUBVAR !T0[1]
0010.  UEQUAL
0011.  STOP


+ <j7!k7!0> = j7* k7
0000.  PUSH TRUE
0001.  SETTOP SUBVAR X[1]
0002.  ASSIGN !T0
0003.  TRUE
0004.  STOP


+ <l7!m7!0> = l7* m7
0000.  PUSH TRUE
0001.  SETTOP SUBVAR X[1]
0002.  ASSIGN !T0
0003.  TRUE
0004.  STOP


+ <<l7!m7!0>!n7!0> = <l7!m7!0>* n7
0000.  PUSH TRUE
0001.  SETTOP SUBVAR X[1]
0002.  ASSIGN !T1
0003.  TRUE
0004.  STOP


+ x7 = <j7!k7!0> <<l7!m7!0>!n7!0>
0000.  PUSH SUBVAR X[0]
0001.  EQUAL a
0002.  IFNJUMP 14
0003.  SETTOP SUBVAR !T0[0]
0004.  EQUAL a
0005.  IFNJUMP 14
0006.  SETTOP SUBVAR X[1]
0007.  EQUAL a
0008.  IFNJUMP 14
0009.  SETTOP SUBVAR !T0[1]
0010.  EQUAL a
0011.  IFNJUMP 14
0012.  SETTOP SUBVAR !T1[1]
0013.  EQUAL a
0014.  STOP


