* n = x b c*
0000.  PUSH SUBVAR A[0]
0001.  PUSH SUBVAR A[1]
0002.  EQUAL
0003.  IFNJUMP 7
0004.  SETTOP SUBVAR B[0]
0005.  PUSH SUBVAR B[1]
0006.  EQUAL
0007.  STOP


* m = y b c*
0000.  PUSH SUBVAR A[0]
0001.  PUSH SUBVAR A[1]
0002.  EQUAL
0003.  IFNJUMP 7
0004.  SETTOP SUBVAR B[0]
0005.  PUSH SUBVAR B[1]
0006.  EQUAL
0007.  STOP


+ <b!c!1> = b c*
0000.  PUSH TRUE
0001.  SETTOP SUBVAR A[0]
0002.  ASSIGN !T0
0003.  TRUE
0004.  SETTOP SUBVAR B[0]
0005.  ASSIGN !T1
0006.  TRUE
0007.  STOP


+ n = x <b!c!1>*
0000.  PUSH SUBVAR A[0]
0001.  PUSH SUBVAR !T0[1]
0002.  EQUAL
0003.  IFNJUMP 7
0004.  SETTOP SUBVAR B[0]
0005.  PUSH SUBVAR !T1[1]
0006.  EQUAL
0007.  STOP


+ m = y <b!c!1>*
0000.  PUSH SUBVAR A[0]
0001.  PUSH SUBVAR !T0[1]
0002.  EQUAL
0003.  IFNJUMP 7
0004.  SETTOP SUBVAR B[0]
0005.  PUSH SUBVAR !T1[1]
0006.  EQUAL
0007.  STOP


