* a = b*
0000.  PUSH SUBVAR A[0]
0001.  PUSH SUBVAR A[1]
0002.  EQUAL
0003.  IFNJUMP 5
0004.  SETTOP SUBVAR B[1]
0005.  STOP


+ a = b*
0000.  PUSH SUBVAR A[0]
0001.  PUSH FALSE
0002.  EQUAL
0003.  IFNJUMP 5
0004.  FALSE
0005.  STOP


+ a = b* c
0000.  PUSH SUBVAR A[0]
0001.  PUSH SUBVAR A[1]
0002.  EQUAL
0003.  IFNJUMP 5
0004.  SETTOP SUBVAR B[1]
0005.  STOP


* k =
0000.  PUSH TRUE
0001.  STOP


+ k = n
0000.  PUSH TRUE
0001.  STOP


+ k = m n
0000.  PUSH TRUE
0001.  STOP


* z =
0000.  PUSH SUBVAR C[1]
0001.  PUSH SUBVAR C[0]
0002.  EQUAL
0003.  STOP


+ z = a
0000.  PUSH FALSE
0001.  PUSH SUBVAR C[0]
0002.  EQUAL
0003.  STOP


+ z = b
0000.  PUSH SUBVAR C[0]
0001.  PUSH FALSE
0002.  EQUAL
0003.  STOP


+ z = a b
0000.  PUSH SUBVAR C[1]
0001.  PUSH SUBVAR C[0]
0002.  EQUAL
0003.  STOP


* t =
0000.  PUSH SUBVAR Z[1]
0001.  STOP


+ t = m*
0000.  PUSH SUBVAR Z[0]
0001.  STOP


+ t = k m*
0000.  PUSH SUBVAR Z[1]
0001.  STOP


