* x0 = a a a
0000.  PUSH TRUE
0001.  STOP


* x1 = a a a a
0000.  PUSH TRUE
0001.  STOP


* x2 = a b a b
0000.  PUSH TRUE
0001.  STOP


* x3 = a b a b a
0000.  PUSH TRUE
0001.  STOP


* x4 = c c c c c c c c
0000.  PUSH TRUE
0001.  STOP


+ <c!c!0> = c* c
0000.  PUSH TRUE
0001.  STOP


+ <a!a!0> = a* a
0000.  PUSH TRUE
0001.  STOP


+ x0 = <a!a!0> a
0000.  PUSH TRUE
0001.  STOP


+ x1 = <a!a!0> <a!a!0>
0000.  PUSH TRUE
0001.  STOP


+ <a!b!0> = a* b
0000.  PUSH TRUE
0001.  STOP


+ x2 = <a!b!0> <a!b!0>
0000.  PUSH TRUE
0001.  STOP


+ <<c!c!0>!<c!c!0>!0> = <c!c!0>* <c!c!0>
0000.  PUSH TRUE
0001.  STOP


+ x4 = <<c!c!0>!<c!c!0>!0> <<c!c!0>!<c!c!0>!0>
0000.  PUSH TRUE
0001.  STOP


+ <<a!b!0>!a!0> = <a!b!0>* a
0000.  PUSH TRUE
0001.  STOP


+ x3 = <a!b!0> <<a!b!0>!a!0>
0000.  PUSH TRUE
0001.  STOP


